Flow report for ASSIGNMENT
Tue Oct 08 20:14:07 2019
Quartus Prime Version 18.1.0 Build 625 09/12/2018 SJ Lite Edition


---------------------
; Table of Contents ;
---------------------
  1. Legal Notice
  2. Flow Summary
  3. Flow Settings
  4. Flow Non-Default Global Settings
  5. Flow Elapsed Time
  6. Flow OS Summary
  7. Flow Log
  8. Flow Messages
  9. Flow Suppressed Messages



----------------
; Legal Notice ;
----------------
Copyright (C) 2018  Intel Corporation. All rights reserved.
Your use of Intel Corporation's design tools, logic functions 
and other software and tools, and its AMPP partner logic 
functions, and any output files from any of the foregoing 
(including device programming or simulation files), and any 
associated documentation or information are expressly subject 
to the terms and conditions of the Intel Program License 
Subscription Agreement, the Intel Quartus Prime License Agreement,
the Intel FPGA IP License Agreement, or other applicable license
agreement, including, without limitation, that your use is for
the sole purpose of programming logic devices manufactured by
Intel and sold by Intel or its authorized distributors.  Please
refer to the applicable agreement for further details.



+---------------------------------------------------------------------+
; Flow Summary                                                        ;
+-----------------------+---------------------------------------------+
; Flow Status           ; Successful - Tue Oct 08 20:14:07 2019       ;
; Quartus Prime Version ; 18.1.0 Build 625 09/12/2018 SJ Lite Edition ;
; Revision Name         ; ASSIGNMENT                                  ;
; Top-level Entity Name ; ASSIGNMENT                                  ;
; Family                ; MAX V                                       ;
; Total logic elements  ; 33 / 80 ( 41 % )                            ;
; Total pins            ; 26 / 52 ( 50 % )                            ;
; Total virtual pins    ; 0                                           ;
; UFM blocks            ; 0 / 1 ( 0 % )                               ;
; Device                ; 5M80ZM68C4                                  ;
; Timing Models         ; Final                                       ;
+-----------------------+---------------------------------------------+


+-----------------------------------------+
; Flow Settings                           ;
+-------------------+---------------------+
; Option            ; Setting             ;
+-------------------+---------------------+
; Start date & time ; 10/07/2019 10:28:10 ;
; Main task         ; Compilation         ;
; Revision Name     ; ASSIGNMENT          ;
+-------------------+---------------------+


+------------------------------------------------------------------------------------------------------+
; Flow Non-Default Global Settings                                                                     ;
+--------------------------+--------------------------------+---------------+-------------+------------+
; Assignment Name          ; Value                          ; Default Value ; Entity Name ; Section Id ;
+--------------------------+--------------------------------+---------------+-------------+------------+
; COMPILER_SIGNATURE_ID    ; 88623643290567.157043688910836 ; --            ; --          ; --         ;
; PROJECT_OUTPUT_DIRECTORY ; output_files                   ; --            ; --          ; --         ;
+--------------------------+--------------------------------+---------------+-------------+------------+


+--------------------------------------------------------------------------------------------------------------------------+
; Flow Elapsed Time                                                                                                        ;
+----------------------+--------------+-------------------------+---------------------+------------------------------------+
; Module Name          ; Elapsed Time ; Average Processors Used ; Peak Virtual Memory ; Total CPU Time (on all processors) ;
+----------------------+--------------+-------------------------+---------------------+------------------------------------+
; Analysis & Synthesis ; 00:00:20     ; 1.0                     ; 4721 MB             ; 00:00:34                           ;
; Fitter               ; 00:00:15     ; 1.0                     ; 5370 MB             ; 00:00:04                           ;
; Assembler            ; 00:00:01     ; 1.0                     ; 4671 MB             ; 00:00:01                           ;
; Timing Analyzer      ; 00:00:02     ; 1.0                     ; 4689 MB             ; 00:00:01                           ;
; EDA Netlist Writer   ; 00:00:01     ; 1.0                     ; 4622 MB             ; 00:00:01                           ;
; EDA Netlist Writer   ; 00:00:01     ; 1.0                     ; 4630 MB             ; 00:00:01                           ;
; EDA Netlist Writer   ; 00:00:01     ; 1.0                     ; 4621 MB             ; 00:00:01                           ;
; EDA Netlist Writer   ; 00:00:00     ; 1.0                     ; 4630 MB             ; 00:00:01                           ;
; EDA Netlist Writer   ; 00:00:01     ; 1.0                     ; 4621 MB             ; 00:00:01                           ;
; EDA Netlist Writer   ; 00:00:01     ; 1.0                     ; 4630 MB             ; 00:00:01                           ;
; EDA Netlist Writer   ; 00:00:02     ; 1.0                     ; 4623 MB             ; 00:00:01                           ;
; EDA Netlist Writer   ; 00:00:01     ; 1.0                     ; 4632 MB             ; 00:00:01                           ;
; EDA Netlist Writer   ; 00:00:01     ; 1.0                     ; 4623 MB             ; 00:00:01                           ;
; EDA Netlist Writer   ; 00:00:01     ; 1.0                     ; 4632 MB             ; 00:00:01                           ;
; EDA Netlist Writer   ; 00:00:01     ; 1.0                     ; 4623 MB             ; 00:00:01                           ;
; EDA Netlist Writer   ; 00:00:01     ; 1.0                     ; 4632 MB             ; 00:00:01                           ;
; EDA Netlist Writer   ; 00:00:01     ; 1.0                     ; 4623 MB             ; 00:00:01                           ;
; EDA Netlist Writer   ; 00:00:01     ; 1.0                     ; 4632 MB             ; 00:00:01                           ;
; EDA Netlist Writer   ; 00:00:01     ; 1.0                     ; 4623 MB             ; 00:00:01                           ;
; EDA Netlist Writer   ; 00:00:01     ; 1.0                     ; 4632 MB             ; 00:00:01                           ;
; EDA Netlist Writer   ; 00:00:01     ; 1.0                     ; 4623 MB             ; 00:00:01                           ;
; EDA Netlist Writer   ; 00:00:01     ; 1.0                     ; 4632 MB             ; 00:00:01                           ;
; EDA Netlist Writer   ; 00:00:01     ; 1.0                     ; 4623 MB             ; 00:00:01                           ;
; EDA Netlist Writer   ; 00:00:01     ; 1.0                     ; 4632 MB             ; 00:00:01                           ;
; EDA Netlist Writer   ; 00:00:01     ; 1.0                     ; 4623 MB             ; 00:00:01                           ;
; EDA Netlist Writer   ; 00:00:01     ; 1.0                     ; 4632 MB             ; 00:00:01                           ;
; EDA Netlist Writer   ; 00:00:00     ; 1.0                     ; 4623 MB             ; 00:00:01                           ;
; EDA Netlist Writer   ; 00:00:01     ; 1.0                     ; 4632 MB             ; 00:00:01                           ;
; EDA Netlist Writer   ; 00:00:01     ; 1.0                     ; 4623 MB             ; 00:00:01                           ;
; EDA Netlist Writer   ; 00:00:01     ; 1.0                     ; 4632 MB             ; 00:00:01                           ;
; Total                ; 00:01:03     ; --                      ; --                  ; 00:01:06                           ;
+----------------------+--------------+-------------------------+---------------------+------------------------------------+


+------------------------------------------------------------------------------------+
; Flow OS Summary                                                                    ;
+----------------------+------------------+------------+------------+----------------+
; Module Name          ; Machine Hostname ; OS Name    ; OS Version ; Processor type ;
+----------------------+------------------+------------+------------+----------------+
; Analysis & Synthesis ; DESKTOP-U951PR8  ; Windows 10 ; 10.0       ; x86_64         ;
; Fitter               ; DESKTOP-U951PR8  ; Windows 10 ; 10.0       ; x86_64         ;
; Assembler            ; DESKTOP-U951PR8  ; Windows 10 ; 10.0       ; x86_64         ;
; Timing Analyzer      ; DESKTOP-U951PR8  ; Windows 10 ; 10.0       ; x86_64         ;
; EDA Netlist Writer   ; DESKTOP-U951PR8  ; Windows 10 ; 10.0       ; x86_64         ;
; EDA Netlist Writer   ; DESKTOP-U951PR8  ; Windows 10 ; 10.0       ; x86_64         ;
; EDA Netlist Writer   ; DESKTOP-U951PR8  ; Windows 10 ; 10.0       ; x86_64         ;
; EDA Netlist Writer   ; DESKTOP-U951PR8  ; Windows 10 ; 10.0       ; x86_64         ;
; EDA Netlist Writer   ; DESKTOP-U951PR8  ; Windows 10 ; 10.0       ; x86_64         ;
; EDA Netlist Writer   ; DESKTOP-U951PR8  ; Windows 10 ; 10.0       ; x86_64         ;
; EDA Netlist Writer   ; Stiener          ; Windows 10 ; 10.0       ; x86_64         ;
; EDA Netlist Writer   ; Stiener          ; Windows 10 ; 10.0       ; x86_64         ;
; EDA Netlist Writer   ; Stiener          ; Windows 10 ; 10.0       ; x86_64         ;
; EDA Netlist Writer   ; Stiener          ; Windows 10 ; 10.0       ; x86_64         ;
; EDA Netlist Writer   ; Stiener          ; Windows 10 ; 10.0       ; x86_64         ;
; EDA Netlist Writer   ; Stiener          ; Windows 10 ; 10.0       ; x86_64         ;
; EDA Netlist Writer   ; Stiener          ; Windows 10 ; 10.0       ; x86_64         ;
; EDA Netlist Writer   ; Stiener          ; Windows 10 ; 10.0       ; x86_64         ;
; EDA Netlist Writer   ; Stiener          ; Windows 10 ; 10.0       ; x86_64         ;
; EDA Netlist Writer   ; Stiener          ; Windows 10 ; 10.0       ; x86_64         ;
; EDA Netlist Writer   ; Stiener          ; Windows 10 ; 10.0       ; x86_64         ;
; EDA Netlist Writer   ; Stiener          ; Windows 10 ; 10.0       ; x86_64         ;
; EDA Netlist Writer   ; Stiener          ; Windows 10 ; 10.0       ; x86_64         ;
; EDA Netlist Writer   ; Stiener          ; Windows 10 ; 10.0       ; x86_64         ;
; EDA Netlist Writer   ; Stiener          ; Windows 10 ; 10.0       ; x86_64         ;
; EDA Netlist Writer   ; Stiener          ; Windows 10 ; 10.0       ; x86_64         ;
; EDA Netlist Writer   ; Stiener          ; Windows 10 ; 10.0       ; x86_64         ;
; EDA Netlist Writer   ; Stiener          ; Windows 10 ; 10.0       ; x86_64         ;
; EDA Netlist Writer   ; Stiener          ; Windows 10 ; 10.0       ; x86_64         ;
; EDA Netlist Writer   ; Stiener          ; Windows 10 ; 10.0       ; x86_64         ;
+----------------------+------------------+------------+------------+----------------+


------------
; Flow Log ;
------------
quartus_map --read_settings_files=on --write_settings_files=off ASSIGNMENT -c ASSIGNMENT
quartus_fit --read_settings_files=off --write_settings_files=off ASSIGNMENT -c ASSIGNMENT
quartus_asm --read_settings_files=off --write_settings_files=off ASSIGNMENT -c ASSIGNMENT
quartus_sta ASSIGNMENT -c ASSIGNMENT
quartus_eda --gen_testbench --tool=modelsim_oem --format=verilog --write_settings_files=off ASSIGNMENT -c ASSIGNMENT --vector_source=X:/CMP/22/2nd/1st_term/MicroProc/Assig/Waveform8.vwf --testbench_file=X:/CMP/22/2nd/1st_term/MicroProc/Assig/simulation/qsim/Waveform8.vwf.vt
quartus_eda --write_settings_files=off --simulation=on --functional=on --flatten_buses=off --tool=modelsim_oem --format=verilog --output_directory=X:/CMP/22/2nd/1st_term/MicroProc/Assig/simulation/qsim/ ASSIGNMENT -c ASSIGNMENT
quartus_eda --gen_testbench --tool=modelsim_oem --format=verilog --write_settings_files=off ASSIGNMENT -c ASSIGNMENT --vector_source=X:/CMP/22/2nd/1st_term/MicroProc/Assig/Waveform8.vwf --testbench_file=X:/CMP/22/2nd/1st_term/MicroProc/Assig/simulation/qsim/Waveform8.vwf.vt
quartus_eda --write_settings_files=off --simulation=on --functional=on --flatten_buses=off --tool=modelsim_oem --format=verilog --output_directory=X:/CMP/22/2nd/1st_term/MicroProc/Assig/simulation/qsim/ ASSIGNMENT -c ASSIGNMENT
quartus_eda --gen_testbench --tool=modelsim_oem --format=verilog --write_settings_files=off ASSIGNMENT -c ASSIGNMENT --vector_source=X:/CMP/22/2nd/1st_term/MicroProc/Assig/Waveform8.vwf --testbench_file=X:/CMP/22/2nd/1st_term/MicroProc/Assig/simulation/qsim/Waveform8.vwf.vt
quartus_eda --write_settings_files=off --simulation=on --functional=on --flatten_buses=off --tool=modelsim_oem --format=verilog --output_directory=X:/CMP/22/2nd/1st_term/MicroProc/Assig/simulation/qsim/ ASSIGNMENT -c ASSIGNMENT
quartus_eda --gen_testbench --tool=modelsim_oem --format=verilog --write_settings_files=off ASSIGNMENT -c ASSIGNMENT --vector_source=C:/Users/COMPUTER/Desktop/MicroProcAssig/Waveform.vwf --testbench_file=C:/Users/COMPUTER/Desktop/MicroProcAssig/simulation/qsim/Waveform.vwf.vt
quartus_eda --write_settings_files=off --simulation=on --functional=on --flatten_buses=off --tool=modelsim_oem --format=verilog --output_directory=C:/Users/COMPUTER/Desktop/MicroProcAssig/simulation/qsim/ ASSIGNMENT -c ASSIGNMENT
quartus_eda --gen_testbench --tool=modelsim_oem --format=verilog --write_settings_files=off ASSIGNMENT -c ASSIGNMENT --vector_source=C:/Users/COMPUTER/Desktop/MicroProcAssig/Waveform.vwf --testbench_file=C:/Users/COMPUTER/Desktop/MicroProcAssig/simulation/qsim/Waveform.vwf.vt
quartus_eda --write_settings_files=off --simulation=on --functional=on --flatten_buses=off --tool=modelsim_oem --format=verilog --output_directory=C:/Users/COMPUTER/Desktop/MicroProcAssig/simulation/qsim/ ASSIGNMENT -c ASSIGNMENT
quartus_eda --gen_testbench --tool=modelsim_oem --format=verilog --write_settings_files=off ASSIGNMENT -c ASSIGNMENT --vector_source=C:/Users/COMPUTER/Desktop/MicroProcAssig/Waveform.vwf --testbench_file=C:/Users/COMPUTER/Desktop/MicroProcAssig/simulation/qsim/Waveform.vwf.vt
quartus_eda --write_settings_files=off --simulation=on --functional=on --flatten_buses=off --tool=modelsim_oem --format=verilog --output_directory=C:/Users/COMPUTER/Desktop/MicroProcAssig/simulation/qsim/ ASSIGNMENT -c ASSIGNMENT
quartus_eda --gen_testbench --tool=modelsim_oem --format=verilog --write_settings_files=off ASSIGNMENT -c ASSIGNMENT --vector_source=C:/Users/COMPUTER/Desktop/MicroProcAssig/Waveform.vwf --testbench_file=C:/Users/COMPUTER/Desktop/MicroProcAssig/simulation/qsim/Waveform.vwf.vt
quartus_eda --write_settings_files=off --simulation=on --functional=on --flatten_buses=off --tool=modelsim_oem --format=verilog --output_directory=C:/Users/COMPUTER/Desktop/MicroProcAssig/simulation/qsim/ ASSIGNMENT -c ASSIGNMENT
quartus_eda --gen_testbench --tool=modelsim_oem --format=verilog --write_settings_files=off ASSIGNMENT -c ASSIGNMENT --vector_source=C:/Users/COMPUTER/Desktop/MicroProcAssig/Waveform.vwf --testbench_file=C:/Users/COMPUTER/Desktop/MicroProcAssig/simulation/qsim/Waveform.vwf.vt
quartus_eda --write_settings_files=off --simulation=on --functional=on --flatten_buses=off --tool=modelsim_oem --format=verilog --output_directory=C:/Users/COMPUTER/Desktop/MicroProcAssig/simulation/qsim/ ASSIGNMENT -c ASSIGNMENT
quartus_eda --gen_testbench --tool=modelsim_oem --format=verilog --write_settings_files=off ASSIGNMENT -c ASSIGNMENT --vector_source=C:/Users/COMPUTER/Desktop/MicroProcAssig/Waveform.vwf --testbench_file=C:/Users/COMPUTER/Desktop/MicroProcAssig/simulation/qsim/Waveform.vwf.vt
quartus_eda --write_settings_files=off --simulation=on --functional=on --flatten_buses=off --tool=modelsim_oem --format=verilog --output_directory=C:/Users/COMPUTER/Desktop/MicroProcAssig/simulation/qsim/ ASSIGNMENT -c ASSIGNMENT
quartus_eda --gen_testbench --tool=modelsim_oem --format=verilog --write_settings_files=off ASSIGNMENT -c ASSIGNMENT --vector_source=C:/Users/COMPUTER/Desktop/MicroProcAssig/Waveform.vwf --testbench_file=C:/Users/COMPUTER/Desktop/MicroProcAssig/simulation/qsim/Waveform.vwf.vt
quartus_eda --write_settings_files=off --simulation=on --functional=on --flatten_buses=off --tool=modelsim_oem --format=verilog --output_directory=C:/Users/COMPUTER/Desktop/MicroProcAssig/simulation/qsim/ ASSIGNMENT -c ASSIGNMENT
quartus_eda --gen_testbench --tool=modelsim_oem --format=verilog --write_settings_files=off ASSIGNMENT -c ASSIGNMENT --vector_source=C:/Users/COMPUTER/Desktop/MicroProcAssig/Waveform.vwf --testbench_file=C:/Users/COMPUTER/Desktop/MicroProcAssig/simulation/qsim/Waveform.vwf.vt
quartus_eda --write_settings_files=off --simulation=on --functional=on --flatten_buses=off --tool=modelsim_oem --format=verilog --output_directory=C:/Users/COMPUTER/Desktop/MicroProcAssig/simulation/qsim/ ASSIGNMENT -c ASSIGNMENT
quartus_eda --gen_testbench --tool=modelsim_oem --format=verilog --write_settings_files=off ASSIGNMENT -c ASSIGNMENT --vector_source=C:/Users/COMPUTER/Desktop/MicroProcAssig/Waveform.vwf --testbench_file=C:/Users/COMPUTER/Desktop/MicroProcAssig/simulation/qsim/Waveform.vwf.vt
quartus_eda --write_settings_files=off --simulation=on --functional=on --flatten_buses=off --tool=modelsim_oem --format=verilog --output_directory=C:/Users/COMPUTER/Desktop/MicroProcAssig/simulation/qsim/ ASSIGNMENT -c ASSIGNMENT
quartus_eda --gen_testbench --tool=modelsim_oem --format=verilog --write_settings_files=off ASSIGNMENT -c ASSIGNMENT --vector_source=C:/Users/COMPUTER/Desktop/MicroProcAssig/Waveform.vwf --testbench_file=C:/Users/COMPUTER/Desktop/MicroProcAssig/simulation/qsim/Waveform.vwf.vt
quartus_eda --write_settings_files=off --simulation=on --functional=on --flatten_buses=off --tool=modelsim_oem --format=verilog --output_directory=C:/Users/COMPUTER/Desktop/MicroProcAssig/simulation/qsim/ ASSIGNMENT -c ASSIGNMENT



